[debug] [2024-02-27T17:24:36.017Z] : 
[debug] [2024-02-27T17:24:36.019Z] : ----------------------------------------------------------------------
[debug] [2024-02-27T17:24:36.019Z] : Command:      /usr/local/bin/node /usr/local/bin/catalyst serve
[debug] [2024-02-27T17:24:36.019Z] : CLI Version:  1.17.3
[debug] [2024-02-27T17:24:36.019Z] : Platform:     linux
[debug] [2024-02-27T17:24:36.020Z] : Node Version: v21.6.2
[debug] [2024-02-27T17:24:36.020Z] : Time:         Tue Feb 27 2024 22:54:36 GMT+0530 (India Standard Time)
[debug] [2024-02-27T17:24:36.020Z] : ----------------------------------------------------------------------
[debug] [2024-02-27T17:24:36.020Z] : 
[debug] [2024-02-27T17:24:36.374Z] : > authorizing via signed-in user option
[debug] [2024-02-27T17:24:36.374Z] : > command requires scopes: ["ZohoCatalyst.projects.ALL","ZohoCatalyst.functions.ALL","ZohoCatalyst.functions.EXECUTE","ZohoCatalyst.webapp.ALL","ZohoCatalyst.pdfshot.execute"]
[debug] [2024-02-27T17:24:36.384Z] : >>>> HTTP REQUEST : GET https://api.catalyst.zoho.in/baas/v1/project/5680000000005068 

[debug] [2024-02-27T17:24:36.800Z] : <<<< HTTP RESPONSE : 200
Response Headers: {"server":"ZGS","date":"Tue, 27 Feb 2024 17:24:36 GMT","content-type":"application/vnd.catalyst.v2+json","transfer-encoding":"chunked","connection":"keep-alive","set-cookie":["3a750b85f1=99131cfabfda186b4fe68a16fb8fedd6; Path=/","ZD_CSRF_TOKEN=5f30e56d-b1ab-4073-bd36-3eb2ee509e09;path=/;SameSite=None;Secure;priority=high","_zcsr_tmp=5f30e56d-b1ab-4073-bd36-3eb2ee509e09;path=/;SameSite=Strict;Secure;priority=high"],"x-content-type-options":"nosniff","x-xss-protection":"1","cache-control":"private,no-cache,no-store,max-age=0,must-revalidate","pragma":"no-cache","expires":"Thu, 01 Jan 1970 00:00:00 GMT","x-frame-options":"DENY","strict-transport-security":"max-age=63072000"}

[debug] [2024-02-27T17:24:36.806Z] : >>>> HTTP REQUEST : GET https://api.catalyst.zoho.in/baas/v1/project/5680000000005068/environment 

[debug] [2024-02-27T17:24:36.883Z] : <<<< HTTP RESPONSE : 200
Response Headers: {"server":"ZGS","date":"Tue, 27 Feb 2024 17:24:36 GMT","content-type":"application/vnd.catalyst.v2+json","transfer-encoding":"chunked","connection":"keep-alive","set-cookie":["3a750b85f1=7c58023b2365c117e2ff9b6feb09efa2; Path=/","ZD_CSRF_TOKEN=58d9e47d-88e2-4b59-b565-7aa4947f661d;path=/;SameSite=None;Secure;priority=high","_zcsr_tmp=58d9e47d-88e2-4b59-b565-7aa4947f661d;path=/;SameSite=Strict;Secure;priority=high"],"x-content-type-options":"nosniff","x-xss-protection":"1","cache-control":"private,no-cache,no-store,max-age=0,must-revalidate","pragma":"no-cache","expires":"Thu, 01 Jan 1970 00:00:00 GMT","x-frame-options":"DENY","strict-transport-security":"max-age=63072000"}

[debug] [2024-02-27T17:24:37.010Z] : >>>> HTTP REQUEST : GET https://api.catalyst.zoho.in/baas/v1/project/5680000000005068/function 
Query params: {"type":"basicio,event,cron,applogic,integration,browser_logic"}

[debug] [2024-02-27T17:24:37.101Z] : <<<< HTTP RESPONSE : 200
Response Headers: {"server":"ZGS","date":"Tue, 27 Feb 2024 17:24:37 GMT","content-type":"application/vnd.catalyst.v2+json","transfer-encoding":"chunked","connection":"keep-alive","set-cookie":["3a750b85f1=99131cfabfda186b4fe68a16fb8fedd6; Path=/","ZD_CSRF_TOKEN=b87c4a3c-4398-4648-bb70-a7c94845ba43;path=/;SameSite=None;Secure;priority=high","_zcsr_tmp=b87c4a3c-4398-4648-bb70-a7c94845ba43;path=/;SameSite=Strict;Secure;priority=high"],"x-content-type-options":"nosniff","x-xss-protection":"1","cache-control":"private,no-cache,no-store,max-age=0,must-revalidate","pragma":"no-cache","expires":"Thu, 01 Jan 1970 00:00:00 GMT","x-frame-options":"DENY","strict-transport-security":"max-age=63072000"}

[debug] [2024-02-27T17:24:37.105Z] : unknown eol undefined hence skipping check
[info] [2024-02-27T17:24:37.280Z] : Compiling /home/prathis-pt7568/Documents/Projects/Project/functions/SendEmail/SendEmailMain.java
[info] [2024-02-27T17:24:38.761Z] : 
[info] [2024-02-27T17:24:38.761Z] :  >>>>>>>>>>>>> AdvancedIO <<<<<<<<<<<< 
[info] [2024-02-27T17:24:38.762Z] : ℹ SendEmail: http://localhost:3000/server/SendEmail/
[info] [2024-02-27T17:24:38.762Z] : 
[info] [2024-02-27T17:24:38.762Z] : 
[info] [2024-02-27T17:24:38.762Z] :  >>>>>>>>>>>>> Web Client <<<<<<<<<<<<
[info] [2024-02-27T17:24:38.762Z] : ℹ client[Web]: http://localhost:3000/app/
[info] [2024-02-27T17:24:38.762Z] : 
[info] [2024-02-27T17:25:57.814Z] : Change(s) is detected in main.css of the Web-Client.
[info] [2024-02-27T17:26:10.053Z] : Change(s) is detected in main.js of the Web-Client.
[info] [2024-02-27T17:26:19.741Z] : Change(s) is detected in main.js of the Web-Client.
[info] [2024-02-27T17:26:50.143Z] : 
change of SendEmailMain.java in SendEmail detected. Preparing your function, please wait...
[info] [2024-02-27T17:26:50.326Z] : Compiling /home/prathis-pt7568/Documents/Projects/Project/functions/SendEmail/SendEmailMain.java
[info] [2024-02-27T17:26:51.136Z] : ℹ AdvancedIO[SendEmail]: ready!
[info] [2024-02-27T17:26:51.136Z] : ℹ AdvancedIO[SendEmail]: http://localhost:3000/server/SendEmail/
[info] [2024-02-27T17:31:24.128Z] : 
change of server.config in SendEmail detected. Preparing your function, please wait...
[info] [2024-02-27T17:31:24.303Z] : Compiling /home/prathis-pt7568/Documents/Projects/Project/functions/SendEmail/SendEmailMain.java
[info] [2024-02-27T17:31:25.191Z] : ℹ AdvancedIO[SendEmail]: ready!
[info] [2024-02-27T17:31:25.192Z] : ℹ AdvancedIO[SendEmail]: http://localhost:3000/server/SendEmail/
[info] [2024-02-27T17:31:26.565Z] : 
change of server.config in SendEmail detected. Preparing your function, please wait...
[info] [2024-02-27T17:31:26.717Z] : Compiling /home/prathis-pt7568/Documents/Projects/Project/functions/SendEmail/SendEmailMain.java
[info] [2024-02-27T17:31:27.558Z] : ℹ AdvancedIO[SendEmail]: ready!
[info] [2024-02-27T17:31:27.559Z] : ℹ AdvancedIO[SendEmail]: http://localhost:3000/server/SendEmail/
[info] [2024-02-27T17:31:29.480Z] : 
change of server.config in SendEmail detected. Preparing your function, please wait...
[info] [2024-02-27T17:31:29.621Z] : Compiling /home/prathis-pt7568/Documents/Projects/Project/functions/SendEmail/SendEmailMain.java
[info] [2024-02-27T17:31:30.511Z] : ℹ AdvancedIO[SendEmail]: ready!
[info] [2024-02-27T17:31:30.511Z] : ℹ AdvancedIO[SendEmail]: http://localhost:3000/server/SendEmail/
[info] [2024-02-27T17:31:35.588Z] : 
change of server.config in SendEmail detected. Preparing your function, please wait...
[info] [2024-02-27T17:31:35.768Z] : Compiling /home/prathis-pt7568/Documents/Projects/Project/functions/SendEmail/SendEmailMain.java
[info] [2024-02-27T17:31:36.670Z] : ℹ AdvancedIO[SendEmail]: ready!
[info] [2024-02-27T17:31:36.671Z] : ℹ AdvancedIO[SendEmail]: http://localhost:3000/server/SendEmail/
[info] [2024-02-27T17:31:38.259Z] : 
change of server.config in SendEmail detected. Preparing your function, please wait...
[info] [2024-02-27T17:31:38.451Z] : Compiling /home/prathis-pt7568/Documents/Projects/Project/functions/SendEmail/SendEmailMain.java
[info] [2024-02-27T17:31:39.268Z] : ℹ AdvancedIO[SendEmail]: ready!
[info] [2024-02-27T17:31:39.268Z] : ℹ AdvancedIO[SendEmail]: http://localhost:3000/server/SendEmail/
[info] [2024-02-27T17:31:42.379Z] : 
change of server.config in SendEmail detected. Preparing your function, please wait...
[info] [2024-02-27T17:31:42.544Z] : Compiling /home/prathis-pt7568/Documents/Projects/Project/functions/SendEmail/SendEmailMain.java
[info] [2024-02-27T17:31:43.403Z] : ℹ AdvancedIO[SendEmail]: ready!
[info] [2024-02-27T17:31:43.404Z] : ℹ AdvancedIO[SendEmail]: http://localhost:3000/server/SendEmail/
[info] [2024-02-27T17:31:50.536Z] : 
change of server.config in SendEmail detected. Preparing your function, please wait...
[info] [2024-02-27T17:31:50.686Z] : Compiling /home/prathis-pt7568/Documents/Projects/Project/functions/SendEmail/SendEmailMain.java
[info] [2024-02-27T17:31:51.606Z] : ℹ AdvancedIO[SendEmail]: ready!
[info] [2024-02-27T17:31:51.606Z] : ℹ AdvancedIO[SendEmail]: http://localhost:3000/server/SendEmail/
[info] [2024-02-27T17:31:54.138Z] : 
change of server.config in SendEmail detected. Preparing your function, please wait...
[info] [2024-02-27T17:31:54.294Z] : Compiling /home/prathis-pt7568/Documents/Projects/Project/functions/SendEmail/SendEmailMain.java
[info] [2024-02-27T17:31:55.140Z] : ℹ AdvancedIO[SendEmail]: ready!
[info] [2024-02-27T17:31:55.140Z] : ℹ AdvancedIO[SendEmail]: http://localhost:3000/server/SendEmail/
[info] [2024-02-27T17:31:58.723Z] : 
change of server.config in SendEmail detected. Preparing your function, please wait...
[info] [2024-02-27T17:31:58.864Z] : Compiling /home/prathis-pt7568/Documents/Projects/Project/functions/SendEmail/SendEmailMain.java
[info] [2024-02-27T17:31:59.733Z] : ℹ AdvancedIO[SendEmail]: ready!
[info] [2024-02-27T17:31:59.733Z] : ℹ AdvancedIO[SendEmail]: http://localhost:3000/server/SendEmail/
[info] [2024-02-27T17:32:01.222Z] : 
change of server.config in SendEmail detected. Preparing your function, please wait...
[info] [2024-02-27T17:32:01.363Z] : Compiling /home/prathis-pt7568/Documents/Projects/Project/functions/SendEmail/SendEmailMain.java
[info] [2024-02-27T17:32:02.211Z] : ℹ AdvancedIO[SendEmail]: ready!
[info] [2024-02-27T17:32:02.211Z] : ℹ AdvancedIO[SendEmail]: http://localhost:3000/server/SendEmail/
